<?xml version="1.0" encoding="UTF-8"?>
<!-- Generated by org.testng.reporters.JUnitReportReporter -->
<testsuite skipped="0" hostname="DESKTOP-EPQNIBM" name="com.jbk.testCases01" tests="1" failures="0" timestamp="04 Jul 2021 11:08:21 GMT" time="10.246" errors="0">
  <testcase name="test05" time="10.246" classname="com.jbk.testCases01"/>
</testsuite> <!-- com.jbk.testCases01 -->
