<?xml version="1.0" encoding="UTF-8"?>
<!-- Generated by org.testng.reporters.JUnitReportReporter -->
<testsuite skipped="0" hostname="DESKTOP-EPQNIBM" name="com.jbk.testcases" tests="1" failures="0" timestamp="04 Jul 2021 09:48:17 GMT" time="15.001" errors="0">
  <testcase name="TestCase01" time="15.001" classname="com.jbk.testcases"/>
</testsuite> <!-- com.jbk.testcases -->
