<?xml version="1.0" encoding="UTF-8"?>
<!-- Generated by org.testng.reporters.JUnitReportReporter -->
<testsuite skipped="0" hostname="DESKTOP-EPQNIBM" name="com.jbk.testcases" tests="2" failures="0" timestamp="04 Jul 2021 11:13:47 GMT" time="15.017" errors="0">
  <testcase name="TestCase01" time="10.097" classname="com.jbk.testcases"/>
  <testcase name="TestCase02" time="4.920" classname="com.jbk.testcases"/>
</testsuite> <!-- com.jbk.testcases -->
