<?xml version="1.0" encoding="UTF-8"?>
<!-- Generated by org.testng.reporters.JUnitReportReporter -->
<testsuite skipped="0" hostname="DESKTOP-EPQNIBM" name="com.jbk.testcases" tests="1" failures="0" timestamp="04 Jul 2021 08:11:57 GMT" time="10.171" errors="0">
  <testcase name="TestCase01" time="10.171" classname="com.jbk.testcases"/>
</testsuite> <!-- com.jbk.testcases -->
